mode: set
github.com/gorkaio/gboy/pkg/gameboy/gameboy.go:39.49,48.2 2 1
github.com/gorkaio/gboy/pkg/gameboy/gameboy.go:51.51,53.16 2 0
github.com/gorkaio/gboy/pkg/gameboy/gameboy.go:57.2,58.16 2 0
github.com/gorkaio/gboy/pkg/gameboy/gameboy.go:62.2,64.12 3 0
github.com/gorkaio/gboy/pkg/gameboy/gameboy.go:53.16,55.3 1 0
github.com/gorkaio/gboy/pkg/gameboy/gameboy.go:58.16,60.3 1 0
github.com/gorkaio/gboy/pkg/gameboy/gameboy.go:68.28,71.2 2 0
github.com/gorkaio/gboy/pkg/gameboy/gameboy.go:74.26,75.17 1 0
github.com/gorkaio/gboy/pkg/gameboy/gameboy.go:75.17,77.3 1 0
github.com/gorkaio/gboy/pkg/gameboy/gameboy.go:81.29,83.38 2 0
github.com/gorkaio/gboy/pkg/gameboy/gameboy.go:83.38,85.17 2 0
github.com/gorkaio/gboy/pkg/gameboy/gameboy.go:88.3,89.27 2 0
github.com/gorkaio/gboy/pkg/gameboy/gameboy.go:85.17,87.4 1 0
github.com/gorkaio/gboy/pkg/gameboy/gameboy.go:94.47,96.29 2 0
github.com/gorkaio/gboy/pkg/gameboy/gameboy.go:96.29,98.28 2 0
github.com/gorkaio/gboy/pkg/gameboy/gameboy.go:101.3,102.41 2 0
github.com/gorkaio/gboy/pkg/gameboy/gameboy.go:98.28,100.4 1 0
github.com/gorkaio/gboy/pkg/memory/memory.go:21.20,27.2 2 1
github.com/gorkaio/gboy/pkg/memory/memory.go:30.28,33.2 2 1
github.com/gorkaio/gboy/pkg/memory/memory.go:36.36,39.2 2 1
github.com/gorkaio/gboy/pkg/memory/memory.go:41.46,42.28 1 1
github.com/gorkaio/gboy/pkg/memory/memory.go:49.2,49.35 1 1
github.com/gorkaio/gboy/pkg/memory/memory.go:42.28,43.21 1 1
github.com/gorkaio/gboy/pkg/memory/memory.go:46.3,46.14 1 1
github.com/gorkaio/gboy/pkg/memory/memory.go:43.21,45.4 1 1
github.com/gorkaio/gboy/pkg/memory/memory.go:52.53,53.28 1 1
github.com/gorkaio/gboy/pkg/memory/memory.go:60.2,60.35 1 1
github.com/gorkaio/gboy/pkg/memory/memory.go:53.28,54.21 1 1
github.com/gorkaio/gboy/pkg/memory/memory.go:57.3,57.9 1 1
github.com/gorkaio/gboy/pkg/memory/memory.go:54.21,56.4 1 1
github.com/gorkaio/gboy/pkg/memory/memory.go:63.41,65.2 1 1
github.com/gorkaio/gboy/pkg/cpu/cpu.go:41.30,64.2 12 1
github.com/gorkaio/gboy/pkg/cpu/cpu.go:67.31,69.2 1 0
github.com/gorkaio/gboy/pkg/cpu/cpu.go:72.32,74.2 1 1
github.com/gorkaio/gboy/pkg/cpu/cpu.go:77.37,79.16 2 1
github.com/gorkaio/gboy/pkg/cpu/cpu.go:83.2,83.22 1 1
github.com/gorkaio/gboy/pkg/cpu/cpu.go:88.2,90.22 3 1
github.com/gorkaio/gboy/pkg/cpu/cpu.go:94.2,94.20 1 1
github.com/gorkaio/gboy/pkg/cpu/cpu.go:79.16,81.3 1 1
github.com/gorkaio/gboy/pkg/cpu/cpu.go:83.22,86.3 2 0
github.com/gorkaio/gboy/pkg/cpu/cpu.go:90.22,93.3 2 0
github.com/gorkaio/gboy/pkg/cpu/cpu.go:97.55,101.2 3 0
github.com/gorkaio/gboy/pkg/cpu/cpu.go:103.56,109.2 5 1
github.com/gorkaio/gboy/pkg/cpu/cpu.go:111.54,113.2 1 1
github.com/gorkaio/gboy/pkg/cpu/cpu.go:115.61,117.2 1 1
github.com/gorkaio/gboy/pkg/cpu/cpu.go:119.62,123.2 3 0
github.com/gorkaio/gboy/pkg/cpu/cpu.go:126.38,127.11 1 1
github.com/gorkaio/gboy/pkg/cpu/cpu.go:127.11,129.3 1 1
github.com/gorkaio/gboy/pkg/cpu/cpu.go:129.8,131.3 1 1
github.com/gorkaio/gboy/pkg/cpu/cpu.go:135.38,136.11 1 0
github.com/gorkaio/gboy/pkg/cpu/cpu.go:136.11,138.3 1 0
github.com/gorkaio/gboy/pkg/cpu/cpu.go:138.8,140.3 1 0
github.com/gorkaio/gboy/pkg/cpu/cpu.go:144.38,145.11 1 1
github.com/gorkaio/gboy/pkg/cpu/cpu.go:145.11,147.3 1 0
github.com/gorkaio/gboy/pkg/cpu/cpu.go:147.8,149.3 1 1
github.com/gorkaio/gboy/pkg/cpu/cpu.go:153.38,154.11 1 1
github.com/gorkaio/gboy/pkg/cpu/cpu.go:154.11,156.3 1 1
github.com/gorkaio/gboy/pkg/cpu/cpu.go:156.8,158.3 1 1
github.com/gorkaio/gboy/pkg/cpu/cpu.go:162.30,164.2 1 0
github.com/gorkaio/gboy/pkg/cpu/cpu.go:167.30,169.2 1 0
github.com/gorkaio/gboy/pkg/cpu/cpu.go:172.30,174.2 1 0
github.com/gorkaio/gboy/pkg/cpu/cpu.go:177.30,179.2 1 0
github.com/gorkaio/gboy/pkg/cpu/cpu.go:182.37,184.2 1 0
github.com/gorkaio/gboy/pkg/cpu/cpu.go:187.36,189.2 1 0
github.com/gorkaio/gboy/pkg/cpu/cpu.go:192.42,194.2 1 0
github.com/gorkaio/gboy/pkg/cpu/cpu.go:197.32,207.2 1 1
github.com/gorkaio/gboy/pkg/cpu/cpu.go:210.40,218.2 7 1
github.com/gorkaio/gboy/pkg/cpu/cpu.go:220.31,231.2 10 0
github.com/gorkaio/gboy/pkg/cpu/opcodes.go:22.31,24.30 2 0
github.com/gorkaio/gboy/pkg/cpu/opcodes.go:28.2,28.42 1 0
github.com/gorkaio/gboy/pkg/cpu/opcodes.go:24.30,26.3 1 0
github.com/gorkaio/gboy/pkg/cpu/opcodes.go:43.44,45.4 1 1
github.com/gorkaio/gboy/pkg/cpu/opcodes.go:51.44,53.4 1 1
github.com/gorkaio/gboy/pkg/cpu/opcodes.go:59.44,61.4 1 1
github.com/gorkaio/gboy/pkg/cpu/opcodes.go:67.44,69.4 1 1
github.com/gorkaio/gboy/pkg/cpu/opcodes.go:75.44,77.4 1 1
github.com/gorkaio/gboy/pkg/cpu/opcodes.go:83.44,85.4 1 0
github.com/gorkaio/gboy/pkg/cpu/opcodes.go:91.44,93.4 1 1
github.com/gorkaio/gboy/pkg/cpu/opcodes.go:99.44,104.4 4 0
github.com/gorkaio/gboy/pkg/cpu/opcodes.go:110.44,112.4 1 0
github.com/gorkaio/gboy/pkg/cpu/opcodes.go:119.44,121.4 1 1
github.com/gorkaio/gboy/pkg/cpu/opcodes.go:127.44,129.4 1 0
github.com/gorkaio/gboy/pkg/cpu/opcodes.go:135.44,137.4 1 1
github.com/gorkaio/gboy/pkg/cpu/opcodes.go:143.44,145.4 1 0
github.com/gorkaio/gboy/pkg/cpu/opcodes.go:151.44,153.4 1 1
github.com/gorkaio/gboy/pkg/cpu/opcodes.go:161.44,163.4 1 1
github.com/gorkaio/gboy/pkg/cpu/opcodes.go:169.44,171.4 1 1
github.com/gorkaio/gboy/pkg/cpu/opcodes.go:177.44,179.4 1 1
github.com/gorkaio/gboy/pkg/cpu/opcodes.go:185.44,187.4 1 1
github.com/gorkaio/gboy/pkg/cpu/opcodes.go:193.44,195.4 1 0
github.com/gorkaio/gboy/pkg/cpu/opcodes.go:201.44,203.4 1 1
github.com/gorkaio/gboy/pkg/cpu/opcodes.go:212.44,214.4 1 1
github.com/gorkaio/gboy/pkg/cpu/opcodes.go:220.44,222.4 1 0
github.com/gorkaio/gboy/pkg/cpu/opcodes.go:228.44,230.4 1 1
github.com/gorkaio/gboy/pkg/cpu/opcodes.go:236.44,238.4 1 0
github.com/gorkaio/gboy/pkg/cpu/opcodes.go:244.44,246.4 1 1
github.com/gorkaio/gboy/pkg/cpu/opcodes.go:253.44,254.20 1 0
github.com/gorkaio/gboy/pkg/cpu/opcodes.go:260.4,260.12 1 0
github.com/gorkaio/gboy/pkg/cpu/opcodes.go:254.20,259.5 4 0
github.com/gorkaio/gboy/pkg/cpu/opcodes.go:267.44,269.4 1 1
github.com/gorkaio/gboy/pkg/cpu/opcodes.go:275.44,277.4 1 1
github.com/gorkaio/gboy/pkg/cpu/opcodes.go:283.44,285.4 1 1
github.com/gorkaio/gboy/pkg/cpu/opcodes.go:291.44,293.4 1 1
github.com/gorkaio/gboy/pkg/cpu/opcodes.go:299.44,301.4 1 0
github.com/gorkaio/gboy/pkg/cpu/opcodes.go:307.44,309.4 1 1
github.com/gorkaio/gboy/pkg/cpu/opcodes.go:317.44,321.4 3 0
github.com/gorkaio/gboy/pkg/cpu/opcodes.go:327.44,329.4 1 1
github.com/gorkaio/gboy/pkg/cpu/opcodes.go:335.44,337.4 1 0
github.com/gorkaio/gboy/pkg/cpu/opcodes.go:343.44,345.4 1 1
github.com/gorkaio/gboy/pkg/cpu/opcodes.go:351.44,353.4 1 0
github.com/gorkaio/gboy/pkg/cpu/opcodes.go:359.44,361.4 1 1
github.com/gorkaio/gboy/pkg/cpu/opcodes.go:369.44,371.4 1 1
github.com/gorkaio/gboy/pkg/cpu/opcodes.go:377.44,379.4 1 1
github.com/gorkaio/gboy/pkg/cpu/opcodes.go:385.44,387.4 1 1
github.com/gorkaio/gboy/pkg/cpu/opcodes.go:395.44,398.4 2 1
github.com/gorkaio/gboy/pkg/cpu/opcodes.go:407.44,409.4 1 1
github.com/gorkaio/gboy/pkg/cpu/opcodes.go:415.44,417.4 1 0
github.com/gorkaio/gboy/pkg/cpu/opcodes.go:423.44,425.4 1 1
github.com/gorkaio/gboy/pkg/cpu/opcodes.go:431.44,433.4 1 0
github.com/gorkaio/gboy/pkg/cpu/opcodes.go:439.44,442.4 2 1
github.com/gorkaio/gboy/pkg/cpu/opcodes.go:448.44,450.4 1 0
github.com/gorkaio/gboy/pkg/cpu/opcodes.go:456.44,458.4 1 0
github.com/gorkaio/gboy/pkg/cpu/opcodes.go:464.44,466.4 1 0
github.com/gorkaio/gboy/pkg/cpu/opcodes.go:472.44,474.4 1 0
github.com/gorkaio/gboy/pkg/cpu/opcodes.go:480.44,482.4 1 0
github.com/gorkaio/gboy/pkg/cpu/opcodes.go:488.44,490.4 1 0
github.com/gorkaio/gboy/pkg/cpu/opcodes.go:496.44,498.4 1 1
github.com/gorkaio/gboy/pkg/cpu/opcodes.go:504.44,506.4 1 0
github.com/gorkaio/gboy/pkg/cpu/opcodes.go:512.44,514.4 1 0
github.com/gorkaio/gboy/pkg/cpu/opcodes.go:520.44,522.4 1 0
github.com/gorkaio/gboy/pkg/cpu/opcodes.go:528.44,530.4 1 0
github.com/gorkaio/gboy/pkg/cpu/opcodes.go:536.44,538.4 1 0
github.com/gorkaio/gboy/pkg/cpu/opcodes.go:544.44,546.4 1 0
github.com/gorkaio/gboy/pkg/cpu/opcodes.go:552.44,554.4 1 0
github.com/gorkaio/gboy/pkg/cpu/opcodes.go:560.44,562.4 1 1
github.com/gorkaio/gboy/pkg/cpu/opcodes.go:568.44,570.4 1 0
github.com/gorkaio/gboy/pkg/cpu/opcodes.go:576.44,578.4 1 0
github.com/gorkaio/gboy/pkg/cpu/opcodes.go:584.44,586.4 1 0
github.com/gorkaio/gboy/pkg/cpu/opcodes.go:592.44,594.4 1 0
github.com/gorkaio/gboy/pkg/cpu/opcodes.go:600.44,602.4 1 0
github.com/gorkaio/gboy/pkg/cpu/opcodes.go:608.44,610.4 1 0
github.com/gorkaio/gboy/pkg/cpu/opcodes.go:616.44,618.4 1 0
github.com/gorkaio/gboy/pkg/cpu/opcodes.go:624.44,626.4 1 1
github.com/gorkaio/gboy/pkg/cpu/opcodes.go:632.44,634.4 1 0
github.com/gorkaio/gboy/pkg/cpu/opcodes.go:640.44,642.4 1 0
github.com/gorkaio/gboy/pkg/cpu/opcodes.go:648.44,650.4 1 0
github.com/gorkaio/gboy/pkg/cpu/opcodes.go:656.44,658.4 1 0
github.com/gorkaio/gboy/pkg/cpu/opcodes.go:664.44,666.4 1 0
github.com/gorkaio/gboy/pkg/cpu/opcodes.go:672.44,674.4 1 0
github.com/gorkaio/gboy/pkg/cpu/opcodes.go:680.44,682.4 1 0
github.com/gorkaio/gboy/pkg/cpu/opcodes.go:688.44,690.4 1 1
github.com/gorkaio/gboy/pkg/cpu/opcodes.go:696.44,698.4 1 0
github.com/gorkaio/gboy/pkg/cpu/opcodes.go:704.44,706.4 1 0
github.com/gorkaio/gboy/pkg/cpu/opcodes.go:712.44,714.4 1 0
github.com/gorkaio/gboy/pkg/cpu/opcodes.go:720.44,722.4 1 0
github.com/gorkaio/gboy/pkg/cpu/opcodes.go:728.44,730.4 1 0
github.com/gorkaio/gboy/pkg/cpu/opcodes.go:736.44,738.4 1 0
github.com/gorkaio/gboy/pkg/cpu/opcodes.go:744.44,746.4 1 0
github.com/gorkaio/gboy/pkg/cpu/opcodes.go:752.44,754.4 1 1
github.com/gorkaio/gboy/pkg/cpu/opcodes.go:760.44,762.4 1 0
github.com/gorkaio/gboy/pkg/cpu/opcodes.go:768.44,770.4 1 0
github.com/gorkaio/gboy/pkg/cpu/opcodes.go:776.44,778.4 1 0
github.com/gorkaio/gboy/pkg/cpu/opcodes.go:784.44,786.4 1 0
github.com/gorkaio/gboy/pkg/cpu/opcodes.go:792.44,794.4 1 0
github.com/gorkaio/gboy/pkg/cpu/opcodes.go:800.44,802.4 1 0
github.com/gorkaio/gboy/pkg/cpu/opcodes.go:808.44,810.4 1 0
github.com/gorkaio/gboy/pkg/cpu/opcodes.go:816.44,818.4 1 1
github.com/gorkaio/gboy/pkg/cpu/opcodes.go:824.44,826.4 1 0
github.com/gorkaio/gboy/pkg/cpu/opcodes.go:832.44,834.4 1 1
github.com/gorkaio/gboy/pkg/cpu/opcodes.go:840.44,842.4 1 1
github.com/gorkaio/gboy/pkg/cpu/opcodes.go:848.44,850.4 1 1
github.com/gorkaio/gboy/pkg/cpu/opcodes.go:856.44,858.4 1 1
github.com/gorkaio/gboy/pkg/cpu/opcodes.go:864.44,866.4 1 1
github.com/gorkaio/gboy/pkg/cpu/opcodes.go:872.44,874.4 1 1
github.com/gorkaio/gboy/pkg/cpu/opcodes.go:881.44,883.4 1 1
github.com/gorkaio/gboy/pkg/cpu/opcodes.go:889.44,891.4 1 0
github.com/gorkaio/gboy/pkg/cpu/opcodes.go:897.44,899.4 1 0
github.com/gorkaio/gboy/pkg/cpu/opcodes.go:905.44,907.4 1 0
github.com/gorkaio/gboy/pkg/cpu/opcodes.go:913.44,915.4 1 0
github.com/gorkaio/gboy/pkg/cpu/opcodes.go:921.44,923.4 1 0
github.com/gorkaio/gboy/pkg/cpu/opcodes.go:929.44,931.4 1 0
github.com/gorkaio/gboy/pkg/cpu/opcodes.go:937.44,939.4 1 1
github.com/gorkaio/gboy/pkg/cpu/opcodes.go:945.44,947.4 1 0
github.com/gorkaio/gboy/pkg/cpu/opcodes.go:953.44,955.4 1 0
github.com/gorkaio/gboy/pkg/cpu/opcodes.go:961.44,963.4 1 0
github.com/gorkaio/gboy/pkg/cpu/opcodes.go:969.44,971.4 1 0
github.com/gorkaio/gboy/pkg/cpu/opcodes.go:977.44,979.4 1 0
github.com/gorkaio/gboy/pkg/cpu/opcodes.go:985.44,987.4 1 0
github.com/gorkaio/gboy/pkg/cpu/opcodes.go:993.44,995.4 1 0
github.com/gorkaio/gboy/pkg/cpu/opcodes.go:1001.44,1003.4 1 0
github.com/gorkaio/gboy/pkg/cpu/opcodes.go:1009.44,1011.4 1 0
github.com/gorkaio/gboy/pkg/cpu/opcodes.go:1025.44,1027.4 1 0
github.com/gorkaio/gboy/pkg/cpu/opcodes.go:1033.44,1035.4 1 0
github.com/gorkaio/gboy/pkg/cpu/opcodes.go:1041.44,1043.4 1 0
github.com/gorkaio/gboy/pkg/cpu/opcodes.go:1049.44,1051.4 1 0
github.com/gorkaio/gboy/pkg/cpu/opcodes.go:1057.44,1059.4 1 0
github.com/gorkaio/gboy/pkg/cpu/opcodes.go:1065.44,1067.4 1 0
github.com/gorkaio/gboy/pkg/cpu/opcodes.go:1073.44,1075.4 1 0
github.com/gorkaio/gboy/pkg/cpu/opcodes.go:1081.44,1083.4 1 0
github.com/gorkaio/gboy/pkg/cpu/opcodes.go:1112.44,1117.4 4 0
github.com/gorkaio/gboy/pkg/cpu/opcodes.go:1140.44,1142.4 1 0
github.com/gorkaio/gboy/pkg/cpu/opcodes.go:1149.44,1152.4 2 0
github.com/gorkaio/gboy/pkg/cpu/opcodes.go:1159.44,1161.4 1 0
github.com/gorkaio/gboy/pkg/cpu/opcodes.go:1174.44,1180.4 5 0
github.com/gorkaio/gboy/pkg/cpu/opcodes.go:1186.44,1188.4 1 0
github.com/gorkaio/gboy/pkg/cpu/opcodes.go:1196.44,1198.4 1 0
github.com/gorkaio/gboy/pkg/cpu/opcodes.go:1207.44,1209.4 1 0
github.com/gorkaio/gboy/pkg/cpu/opcodes.go:1215.44,1217.4 1 0
github.com/gorkaio/gboy/pkg/cpu/opcodes.go:1232.44,1234.4 1 0
github.com/gorkaio/gboy/pkg/cpu/opcodes.go:1240.44,1242.4 1 0
github.com/gorkaio/gboy/pkg/cpu/opcodes.go:1248.44,1250.4 1 1
github.com/gorkaio/gboy/pkg/cpu/opcodes.go:1258.44,1260.4 1 0
github.com/gorkaio/gboy/pkg/cpu/opcodes.go:1270.44,1272.4 1 0
github.com/gorkaio/gboy/pkg/cpu/opcodes.go:1283.44,1285.4 1 0
github.com/gorkaio/gboy/pkg/cpu/opcodes.go:1291.44,1293.4 1 0
github.com/gorkaio/gboy/pkg/cpu/opcodes.go:1299.44,1301.4 1 1
github.com/gorkaio/gboy/pkg/cpu/opcodes.go:1307.44,1310.4 2 0
github.com/gorkaio/gboy/pkg/cpu/opcodes.go:1317.44,1319.4 1 0
github.com/gorkaio/gboy/pkg/cpu/opcodes.go:1327.44,1329.4 1 0
github.com/gorkaio/gboy/pkg/cpu/opcodes.go:1335.44,1337.4 1 0
github.com/gorkaio/gboy/pkg/cpu/opcodes.go:1343.44,1345.4 1 0
github.com/gorkaio/gboy/pkg/cpu/opcodes.go:1351.44,1354.4 2 0
github.com/gorkaio/gboy/pkg/cpu/opcodes.go:1362.44,1368.4 5 0
github.com/gorkaio/gboy/pkg/cpu/opcodes.go:1373.42,1376.15 3 1
github.com/gorkaio/gboy/pkg/cpu/opcodes.go:1380.2,1382.44 3 1
github.com/gorkaio/gboy/pkg/cpu/opcodes.go:1397.2,1403.16 2 1
github.com/gorkaio/gboy/pkg/cpu/opcodes.go:1376.15,1378.3 1 1
github.com/gorkaio/gboy/pkg/cpu/opcodes.go:1382.44,1383.12 1 1
github.com/gorkaio/gboy/pkg/cpu/opcodes.go:1384.14,1387.20 3 1
github.com/gorkaio/gboy/pkg/cpu/opcodes.go:1388.14,1391.21 3 1
github.com/gorkaio/gboy/pkg/cpu/opcodes.go:1392.11,1393.34 1 0
github.com/gorkaio/gboy/pkg/cpu/opcodes.go:1406.54,1409.2 2 1
github.com/gorkaio/gboy/pkg/cpu/opcodes.go:1411.27,1413.2 1 1
github.com/gorkaio/gboy/pkg/cpu/opcodes.go:1415.66,1418.2 2 1
github.com/gorkaio/gboy/pkg/cpu/opcodes.go:1420.59,1423.2 2 0
github.com/gorkaio/gboy/pkg/cpu/opcodes.go:1425.59,1428.2 2 1
github.com/gorkaio/gboy/pkg/cpu/opcodes.go:1430.66,1433.2 2 1
github.com/gorkaio/gboy/pkg/cpu/opcodes.go:1435.65,1440.2 4 1
github.com/gorkaio/gboy/pkg/cpu/opcodes.go:1442.65,1447.2 4 1
github.com/gorkaio/gboy/pkg/cpu/opcodes.go:1449.66,1452.2 2 0
github.com/gorkaio/gboy/pkg/cpu/opcodes.go:1454.46,1458.2 3 0
github.com/gorkaio/gboy/pkg/cpu/opcodes.go:1460.45,1465.2 4 0
github.com/gorkaio/gboy/pkg/cpu/opcodes.go:1467.77,1475.2 7 0
github.com/gorkaio/gboy/pkg/cpu/opcodes.go:1477.56,1482.2 4 0
github.com/gorkaio/gboy/pkg/cpu/opcodes.go:1484.55,1489.2 4 0
github.com/gorkaio/gboy/pkg/cpu/opcodes.go:1491.58,1495.2 3 0
github.com/gorkaio/gboy/pkg/cpu/opcodes.go:1497.58,1501.2 3 0
github.com/gorkaio/gboy/pkg/cpu/opcodes.go:1503.57,1506.2 2 1
github.com/gorkaio/gboy/pkg/cpu/opcodes.go:1508.67,1512.2 3 1
github.com/gorkaio/gboy/pkg/cpu/opcodes.go:1514.67,1519.2 4 1
github.com/gorkaio/gboy/pkg/cpu/opcodes.go:1521.67,1526.2 4 1
github.com/gorkaio/gboy/pkg/cpu/opcodes.go:1528.67,1532.2 3 1
github.com/gorkaio/gboy/pkg/cpu/opcodes.go:1534.54,1537.2 2 1
github.com/gorkaio/gboy/pkg/cpu/opcodes.go:1539.64,1542.2 2 0
github.com/gorkaio/gboy/pkg/cpu/opcodes.go:1544.44,1552.2 7 0
github.com/gorkaio/gboy/pkg/cpu/opcodes.go:1554.36,1562.2 7 0
github.com/gorkaio/gboy/pkg/cpu/opcodes.go:1564.46,1572.2 7 0
github.com/gorkaio/gboy/pkg/cpu/opcodes.go:1574.65,1582.2 7 0
github.com/gorkaio/gboy/pkg/cpu/opcodes.go:1584.56,1592.2 7 0
github.com/gorkaio/gboy/pkg/cpu/opcodes.go:1594.67,1602.2 7 0
github.com/gorkaio/gboy/pkg/cpu/opcodes.go:1604.44,1609.2 4 0
github.com/gorkaio/gboy/pkg/cpu/opcodes.go:1611.44,1618.2 6 1
github.com/gorkaio/gboy/pkg/cpu/opcodes.go:1620.45,1623.2 2 0
github.com/gorkaio/gboy/pkg/cpu/opcodes.go:1625.45,1632.2 6 1
github.com/gorkaio/gboy/pkg/cpu/opcodes.go:1634.35,1636.2 1 1
github.com/gorkaio/gboy/pkg/cpu/registers.go:20.38,25.2 1 1
github.com/gorkaio/gboy/pkg/cpu/registers.go:28.53,33.2 1 1
github.com/gorkaio/gboy/pkg/cpu/registers.go:36.38,41.2 1 1
github.com/gorkaio/gboy/pkg/cpu/registers.go:44.55,50.2 2 1
github.com/gorkaio/gboy/pkg/cpu/registers.go:53.36,55.2 1 1
github.com/gorkaio/gboy/pkg/cpu/registers.go:58.40,60.2 1 1
github.com/gorkaio/gboy/pkg/cpu/registers.go:64.30,66.2 1 1
github.com/gorkaio/gboy/pkg/cpu/registers.go:70.39,72.2 1 1
github.com/gorkaio/gboy/pkg/cpu/registers.go:76.30,78.2 1 1
github.com/gorkaio/gboy/pkg/cpu/registers.go:82.39,84.2 1 1
github.com/gorkaio/gboy/pkg/cpu/registers.go:87.40,89.2 1 0
github.com/gorkaio/gboy/pkg/cpu/registers.go:92.44,94.2 1 1
github.com/gorkaio/gboy/pkg/cpu/registers.go:97.37,99.2 1 1
github.com/gorkaio/gboy/pkg/cpu/registers.go:102.41,106.2 3 1
github.com/gorkaio/gboy/pkg/cpu/registers.go:110.30,112.2 1 1
github.com/gorkaio/gboy/pkg/cpu/registers.go:116.40,118.2 1 1
github.com/gorkaio/gboy/pkg/cpu/registers.go:122.30,124.2 1 1
github.com/gorkaio/gboy/pkg/cpu/registers.go:128.40,130.2 1 1
github.com/gorkaio/gboy/pkg/cpu/registers.go:133.41,135.2 1 0
github.com/gorkaio/gboy/pkg/cpu/registers.go:138.45,142.2 3 1
github.com/gorkaio/gboy/pkg/cpu/registers.go:145.42,147.2 1 1
github.com/gorkaio/gboy/pkg/cpu/registers.go:150.42,152.2 1 1
github.com/gorkaio/gboy/pkg/cart/cart.go:32.45,34.2 1 1
github.com/gorkaio/gboy/pkg/cart/cart.go:36.52,38.2 1 0
github.com/gorkaio/gboy/pkg/cart/cart.go:41.34,43.75 2 1
github.com/gorkaio/gboy/pkg/cart/cart.go:49.2,49.33 1 1
github.com/gorkaio/gboy/pkg/cart/cart.go:43.75,45.18 2 1
github.com/gorkaio/gboy/pkg/cart/cart.go:45.18,47.4 1 1
github.com/gorkaio/gboy/pkg/cart/cart.go:53.31,55.21 2 1
github.com/gorkaio/gboy/pkg/cart/cart.go:58.2,58.70 1 0
github.com/gorkaio/gboy/pkg/cart/cart.go:55.21,57.3 1 1
github.com/gorkaio/gboy/pkg/cart/cart.go:62.42,64.21 2 1
github.com/gorkaio/gboy/pkg/cart/cart.go:69.2,72.18 2 1
github.com/gorkaio/gboy/pkg/cart/cart.go:64.21,67.3 2 0
github.com/gorkaio/gboy/pkg/cart/mbc0.go:9.48,13.2 1 1
github.com/gorkaio/gboy/pkg/cart/mbc0.go:15.39,17.2 1 1
github.com/gorkaio/gboy/pkg/cart/mbc0.go:19.47,19.48 0 0
github.com/gorkaio/gboy/pkg/bits/bits.go:4.42,6.2 1 1
github.com/gorkaio/gboy/pkg/bits/bits.go:9.44,11.2 1 1
github.com/gorkaio/gboy/pkg/bits/bits.go:14.44,16.2 1 1
github.com/gorkaio/gboy/pkg/bits/bits.go:19.45,21.2 1 1
