mode: set
github.com/gorkaio/gboy/pkg/cart/cart.go:32.45,34.2 1 1
github.com/gorkaio/gboy/pkg/cart/cart.go:36.52,38.2 1 0
github.com/gorkaio/gboy/pkg/cart/cart.go:41.34,43.75 2 1
github.com/gorkaio/gboy/pkg/cart/cart.go:49.2,49.33 1 1
github.com/gorkaio/gboy/pkg/cart/cart.go:43.75,45.18 2 1
github.com/gorkaio/gboy/pkg/cart/cart.go:45.18,47.4 1 1
github.com/gorkaio/gboy/pkg/cart/cart.go:53.31,55.21 2 1
github.com/gorkaio/gboy/pkg/cart/cart.go:58.2,58.70 1 0
github.com/gorkaio/gboy/pkg/cart/cart.go:55.21,57.3 1 1
github.com/gorkaio/gboy/pkg/cart/cart.go:62.42,64.21 2 1
github.com/gorkaio/gboy/pkg/cart/cart.go:69.2,72.18 2 1
github.com/gorkaio/gboy/pkg/cart/cart.go:64.21,67.3 2 0
github.com/gorkaio/gboy/pkg/cart/mbc0.go:9.48,13.2 1 1
github.com/gorkaio/gboy/pkg/cart/mbc0.go:15.39,17.2 1 1
github.com/gorkaio/gboy/pkg/cart/mbc0.go:19.47,19.48 0 0
github.com/gorkaio/gboy/pkg/memory/memory.go:21.20,27.2 2 1
github.com/gorkaio/gboy/pkg/memory/memory.go:30.28,33.2 2 1
github.com/gorkaio/gboy/pkg/memory/memory.go:36.36,39.2 2 1
github.com/gorkaio/gboy/pkg/memory/memory.go:41.46,42.28 1 1
github.com/gorkaio/gboy/pkg/memory/memory.go:49.2,49.35 1 1
github.com/gorkaio/gboy/pkg/memory/memory.go:42.28,43.21 1 1
github.com/gorkaio/gboy/pkg/memory/memory.go:46.3,46.14 1 1
github.com/gorkaio/gboy/pkg/memory/memory.go:43.21,45.4 1 1
github.com/gorkaio/gboy/pkg/memory/memory.go:52.53,53.28 1 1
github.com/gorkaio/gboy/pkg/memory/memory.go:60.2,60.35 1 1
github.com/gorkaio/gboy/pkg/memory/memory.go:53.28,54.21 1 1
github.com/gorkaio/gboy/pkg/memory/memory.go:57.3,57.9 1 1
github.com/gorkaio/gboy/pkg/memory/memory.go:54.21,56.4 1 1
github.com/gorkaio/gboy/pkg/memory/memory.go:63.41,65.2 1 1
github.com/gorkaio/gboy/pkg/gameboy/gameboy.go:39.49,48.2 2 1
github.com/gorkaio/gboy/pkg/gameboy/gameboy.go:51.51,53.16 2 0
github.com/gorkaio/gboy/pkg/gameboy/gameboy.go:57.2,58.16 2 0
github.com/gorkaio/gboy/pkg/gameboy/gameboy.go:62.2,64.12 3 0
github.com/gorkaio/gboy/pkg/gameboy/gameboy.go:53.16,55.3 1 0
github.com/gorkaio/gboy/pkg/gameboy/gameboy.go:58.16,60.3 1 0
github.com/gorkaio/gboy/pkg/gameboy/gameboy.go:68.28,71.2 2 0
github.com/gorkaio/gboy/pkg/gameboy/gameboy.go:74.26,75.17 1 0
github.com/gorkaio/gboy/pkg/gameboy/gameboy.go:75.17,77.3 1 0
github.com/gorkaio/gboy/pkg/gameboy/gameboy.go:81.29,83.38 2 0
github.com/gorkaio/gboy/pkg/gameboy/gameboy.go:83.38,85.17 2 0
github.com/gorkaio/gboy/pkg/gameboy/gameboy.go:88.3,89.27 2 0
github.com/gorkaio/gboy/pkg/gameboy/gameboy.go:85.17,87.4 1 0
github.com/gorkaio/gboy/pkg/gameboy/gameboy.go:94.47,96.29 2 0
github.com/gorkaio/gboy/pkg/gameboy/gameboy.go:96.29,98.28 2 0
github.com/gorkaio/gboy/pkg/gameboy/gameboy.go:101.3,102.41 2 0
github.com/gorkaio/gboy/pkg/gameboy/gameboy.go:98.28,100.4 1 0
github.com/gorkaio/gboy/pkg/bits/bits.go:4.36,6.2 1 1
github.com/gorkaio/gboy/pkg/bits/bits.go:9.44,11.2 1 1
github.com/gorkaio/gboy/pkg/bits/bits.go:14.38,16.2 1 1
github.com/gorkaio/gboy/pkg/bits/bits.go:19.45,21.2 1 1
github.com/gorkaio/gboy/pkg/bits/bits.go:24.46,26.2 1 0
github.com/gorkaio/gboy/pkg/bits/bits.go:29.46,31.2 1 0
github.com/gorkaio/gboy/pkg/bits/bits.go:34.35,36.2 1 0
github.com/gorkaio/gboy/pkg/cpu/registers.go:20.38,25.2 1 1
github.com/gorkaio/gboy/pkg/cpu/registers.go:28.53,33.2 1 1
github.com/gorkaio/gboy/pkg/cpu/registers.go:36.38,41.2 1 1
github.com/gorkaio/gboy/pkg/cpu/registers.go:44.55,50.2 2 1
github.com/gorkaio/gboy/pkg/cpu/registers.go:53.36,55.2 1 1
github.com/gorkaio/gboy/pkg/cpu/registers.go:58.40,60.2 1 1
github.com/gorkaio/gboy/pkg/cpu/registers.go:64.30,66.2 1 1
github.com/gorkaio/gboy/pkg/cpu/registers.go:70.39,72.2 1 1
github.com/gorkaio/gboy/pkg/cpu/registers.go:76.30,78.2 1 1
github.com/gorkaio/gboy/pkg/cpu/registers.go:82.39,84.2 1 1
github.com/gorkaio/gboy/pkg/cpu/registers.go:87.40,89.2 1 0
github.com/gorkaio/gboy/pkg/cpu/registers.go:92.44,94.2 1 1
github.com/gorkaio/gboy/pkg/cpu/registers.go:97.37,99.2 1 1
github.com/gorkaio/gboy/pkg/cpu/registers.go:102.41,106.2 3 1
github.com/gorkaio/gboy/pkg/cpu/registers.go:110.30,112.2 1 1
github.com/gorkaio/gboy/pkg/cpu/registers.go:116.40,118.2 1 1
github.com/gorkaio/gboy/pkg/cpu/registers.go:122.30,124.2 1 1
github.com/gorkaio/gboy/pkg/cpu/registers.go:128.40,130.2 1 1
github.com/gorkaio/gboy/pkg/cpu/registers.go:133.41,135.2 1 0
github.com/gorkaio/gboy/pkg/cpu/registers.go:138.45,142.2 3 1
github.com/gorkaio/gboy/pkg/cpu/registers.go:145.42,147.2 1 1
github.com/gorkaio/gboy/pkg/cpu/registers.go:150.42,152.2 1 1
github.com/gorkaio/gboy/pkg/cpu/cpu.go:41.30,64.2 12 1
github.com/gorkaio/gboy/pkg/cpu/cpu.go:67.31,69.2 1 0
github.com/gorkaio/gboy/pkg/cpu/cpu.go:72.32,74.2 1 1
github.com/gorkaio/gboy/pkg/cpu/cpu.go:77.37,79.16 2 1
github.com/gorkaio/gboy/pkg/cpu/cpu.go:83.2,83.22 1 1
github.com/gorkaio/gboy/pkg/cpu/cpu.go:88.2,90.22 3 1
github.com/gorkaio/gboy/pkg/cpu/cpu.go:94.2,94.20 1 1
github.com/gorkaio/gboy/pkg/cpu/cpu.go:79.16,81.3 1 1
github.com/gorkaio/gboy/pkg/cpu/cpu.go:83.22,86.3 2 0
github.com/gorkaio/gboy/pkg/cpu/cpu.go:90.22,93.3 2 0
github.com/gorkaio/gboy/pkg/cpu/cpu.go:97.55,101.2 3 0
github.com/gorkaio/gboy/pkg/cpu/cpu.go:103.56,109.2 5 1
github.com/gorkaio/gboy/pkg/cpu/cpu.go:111.54,113.2 1 1
github.com/gorkaio/gboy/pkg/cpu/cpu.go:115.61,117.2 1 1
github.com/gorkaio/gboy/pkg/cpu/cpu.go:119.62,123.2 3 0
github.com/gorkaio/gboy/pkg/cpu/cpu.go:126.38,127.11 1 1
github.com/gorkaio/gboy/pkg/cpu/cpu.go:127.11,129.3 1 1
github.com/gorkaio/gboy/pkg/cpu/cpu.go:129.8,131.3 1 1
github.com/gorkaio/gboy/pkg/cpu/cpu.go:135.38,136.11 1 0
github.com/gorkaio/gboy/pkg/cpu/cpu.go:136.11,138.3 1 0
github.com/gorkaio/gboy/pkg/cpu/cpu.go:138.8,140.3 1 0
github.com/gorkaio/gboy/pkg/cpu/cpu.go:144.38,145.11 1 1
github.com/gorkaio/gboy/pkg/cpu/cpu.go:145.11,147.3 1 1
github.com/gorkaio/gboy/pkg/cpu/cpu.go:147.8,149.3 1 1
github.com/gorkaio/gboy/pkg/cpu/cpu.go:153.38,154.11 1 1
github.com/gorkaio/gboy/pkg/cpu/cpu.go:154.11,156.3 1 1
github.com/gorkaio/gboy/pkg/cpu/cpu.go:156.8,158.3 1 1
github.com/gorkaio/gboy/pkg/cpu/cpu.go:162.30,164.2 1 0
github.com/gorkaio/gboy/pkg/cpu/cpu.go:167.30,169.2 1 0
github.com/gorkaio/gboy/pkg/cpu/cpu.go:172.30,174.2 1 0
github.com/gorkaio/gboy/pkg/cpu/cpu.go:177.30,179.2 1 0
github.com/gorkaio/gboy/pkg/cpu/cpu.go:182.37,184.2 1 0
github.com/gorkaio/gboy/pkg/cpu/cpu.go:187.36,189.2 1 0
github.com/gorkaio/gboy/pkg/cpu/cpu.go:192.42,194.2 1 0
github.com/gorkaio/gboy/pkg/cpu/cpu.go:197.32,207.2 1 1
github.com/gorkaio/gboy/pkg/cpu/cpu.go:210.40,218.2 7 1
github.com/gorkaio/gboy/pkg/cpu/cpu.go:220.31,231.2 10 0
github.com/gorkaio/gboy/pkg/cpu/opcodes.go:23.31,25.30 2 0
github.com/gorkaio/gboy/pkg/cpu/opcodes.go:29.2,29.42 1 0
github.com/gorkaio/gboy/pkg/cpu/opcodes.go:25.30,27.3 1 0
github.com/gorkaio/gboy/pkg/cpu/opcodes.go:44.44,46.4 1 1
github.com/gorkaio/gboy/pkg/cpu/opcodes.go:52.44,54.4 1 1
github.com/gorkaio/gboy/pkg/cpu/opcodes.go:60.44,62.4 1 1
github.com/gorkaio/gboy/pkg/cpu/opcodes.go:68.44,70.4 1 1
github.com/gorkaio/gboy/pkg/cpu/opcodes.go:76.44,78.4 1 1
github.com/gorkaio/gboy/pkg/cpu/opcodes.go:84.44,86.4 1 1
github.com/gorkaio/gboy/pkg/cpu/opcodes.go:92.44,94.4 1 1
github.com/gorkaio/gboy/pkg/cpu/opcodes.go:100.44,105.4 4 0
github.com/gorkaio/gboy/pkg/cpu/opcodes.go:111.44,113.4 1 0
github.com/gorkaio/gboy/pkg/cpu/opcodes.go:120.44,122.4 1 1
github.com/gorkaio/gboy/pkg/cpu/opcodes.go:128.44,130.4 1 1
github.com/gorkaio/gboy/pkg/cpu/opcodes.go:136.44,138.4 1 1
github.com/gorkaio/gboy/pkg/cpu/opcodes.go:144.44,146.4 1 1
github.com/gorkaio/gboy/pkg/cpu/opcodes.go:152.44,154.4 1 1
github.com/gorkaio/gboy/pkg/cpu/opcodes.go:162.44,164.4 1 1
github.com/gorkaio/gboy/pkg/cpu/opcodes.go:170.44,172.4 1 1
github.com/gorkaio/gboy/pkg/cpu/opcodes.go:178.44,180.4 1 1
github.com/gorkaio/gboy/pkg/cpu/opcodes.go:186.44,188.4 1 1
github.com/gorkaio/gboy/pkg/cpu/opcodes.go:194.44,196.4 1 1
github.com/gorkaio/gboy/pkg/cpu/opcodes.go:202.44,204.4 1 1
github.com/gorkaio/gboy/pkg/cpu/opcodes.go:213.44,215.4 1 1
github.com/gorkaio/gboy/pkg/cpu/opcodes.go:221.44,223.4 1 1
github.com/gorkaio/gboy/pkg/cpu/opcodes.go:229.44,231.4 1 1
github.com/gorkaio/gboy/pkg/cpu/opcodes.go:237.44,239.4 1 1
github.com/gorkaio/gboy/pkg/cpu/opcodes.go:245.44,247.4 1 1
github.com/gorkaio/gboy/pkg/cpu/opcodes.go:254.44,255.20 1 0
github.com/gorkaio/gboy/pkg/cpu/opcodes.go:261.4,261.12 1 0
github.com/gorkaio/gboy/pkg/cpu/opcodes.go:255.20,260.5 4 0
github.com/gorkaio/gboy/pkg/cpu/opcodes.go:268.44,270.4 1 1
github.com/gorkaio/gboy/pkg/cpu/opcodes.go:276.44,278.4 1 1
github.com/gorkaio/gboy/pkg/cpu/opcodes.go:284.44,286.4 1 1
github.com/gorkaio/gboy/pkg/cpu/opcodes.go:292.44,294.4 1 1
github.com/gorkaio/gboy/pkg/cpu/opcodes.go:300.44,302.4 1 1
github.com/gorkaio/gboy/pkg/cpu/opcodes.go:308.44,310.4 1 1
github.com/gorkaio/gboy/pkg/cpu/opcodes.go:318.44,322.4 3 0
github.com/gorkaio/gboy/pkg/cpu/opcodes.go:328.44,330.4 1 1
github.com/gorkaio/gboy/pkg/cpu/opcodes.go:336.44,338.4 1 1
github.com/gorkaio/gboy/pkg/cpu/opcodes.go:344.44,346.4 1 1
github.com/gorkaio/gboy/pkg/cpu/opcodes.go:352.44,354.4 1 1
github.com/gorkaio/gboy/pkg/cpu/opcodes.go:360.44,362.4 1 1
github.com/gorkaio/gboy/pkg/cpu/opcodes.go:370.44,372.4 1 1
github.com/gorkaio/gboy/pkg/cpu/opcodes.go:378.44,380.4 1 1
github.com/gorkaio/gboy/pkg/cpu/opcodes.go:386.44,388.4 1 1
github.com/gorkaio/gboy/pkg/cpu/opcodes.go:396.44,399.4 2 1
github.com/gorkaio/gboy/pkg/cpu/opcodes.go:408.44,410.4 1 1
github.com/gorkaio/gboy/pkg/cpu/opcodes.go:416.44,418.4 1 1
github.com/gorkaio/gboy/pkg/cpu/opcodes.go:424.44,426.4 1 1
github.com/gorkaio/gboy/pkg/cpu/opcodes.go:432.44,434.4 1 1
github.com/gorkaio/gboy/pkg/cpu/opcodes.go:440.44,443.4 2 1
github.com/gorkaio/gboy/pkg/cpu/opcodes.go:449.44,451.4 1 1
github.com/gorkaio/gboy/pkg/cpu/opcodes.go:457.44,459.4 1 1
github.com/gorkaio/gboy/pkg/cpu/opcodes.go:465.44,467.4 1 1
github.com/gorkaio/gboy/pkg/cpu/opcodes.go:473.44,475.4 1 1
github.com/gorkaio/gboy/pkg/cpu/opcodes.go:481.44,483.4 1 1
github.com/gorkaio/gboy/pkg/cpu/opcodes.go:489.44,491.4 1 1
github.com/gorkaio/gboy/pkg/cpu/opcodes.go:497.44,499.4 1 1
github.com/gorkaio/gboy/pkg/cpu/opcodes.go:505.44,507.4 1 1
github.com/gorkaio/gboy/pkg/cpu/opcodes.go:513.44,515.4 1 1
github.com/gorkaio/gboy/pkg/cpu/opcodes.go:521.44,523.4 1 1
github.com/gorkaio/gboy/pkg/cpu/opcodes.go:529.44,531.4 1 1
github.com/gorkaio/gboy/pkg/cpu/opcodes.go:537.44,539.4 1 1
github.com/gorkaio/gboy/pkg/cpu/opcodes.go:545.44,547.4 1 1
github.com/gorkaio/gboy/pkg/cpu/opcodes.go:553.44,555.4 1 1
github.com/gorkaio/gboy/pkg/cpu/opcodes.go:561.44,563.4 1 1
github.com/gorkaio/gboy/pkg/cpu/opcodes.go:569.44,571.4 1 1
github.com/gorkaio/gboy/pkg/cpu/opcodes.go:577.44,579.4 1 1
github.com/gorkaio/gboy/pkg/cpu/opcodes.go:585.44,587.4 1 1
github.com/gorkaio/gboy/pkg/cpu/opcodes.go:593.44,595.4 1 1
github.com/gorkaio/gboy/pkg/cpu/opcodes.go:601.44,603.4 1 1
github.com/gorkaio/gboy/pkg/cpu/opcodes.go:609.44,611.4 1 1
github.com/gorkaio/gboy/pkg/cpu/opcodes.go:617.44,619.4 1 1
github.com/gorkaio/gboy/pkg/cpu/opcodes.go:625.44,627.4 1 1
github.com/gorkaio/gboy/pkg/cpu/opcodes.go:633.44,635.4 1 1
github.com/gorkaio/gboy/pkg/cpu/opcodes.go:641.44,643.4 1 1
github.com/gorkaio/gboy/pkg/cpu/opcodes.go:649.44,651.4 1 1
github.com/gorkaio/gboy/pkg/cpu/opcodes.go:657.44,659.4 1 1
github.com/gorkaio/gboy/pkg/cpu/opcodes.go:665.44,667.4 1 1
github.com/gorkaio/gboy/pkg/cpu/opcodes.go:673.44,675.4 1 1
github.com/gorkaio/gboy/pkg/cpu/opcodes.go:681.44,683.4 1 1
github.com/gorkaio/gboy/pkg/cpu/opcodes.go:689.44,691.4 1 1
github.com/gorkaio/gboy/pkg/cpu/opcodes.go:697.44,699.4 1 1
github.com/gorkaio/gboy/pkg/cpu/opcodes.go:705.44,707.4 1 1
github.com/gorkaio/gboy/pkg/cpu/opcodes.go:713.44,715.4 1 1
github.com/gorkaio/gboy/pkg/cpu/opcodes.go:721.44,723.4 1 1
github.com/gorkaio/gboy/pkg/cpu/opcodes.go:729.44,731.4 1 1
github.com/gorkaio/gboy/pkg/cpu/opcodes.go:737.44,739.4 1 1
github.com/gorkaio/gboy/pkg/cpu/opcodes.go:745.44,747.4 1 1
github.com/gorkaio/gboy/pkg/cpu/opcodes.go:753.44,755.4 1 1
github.com/gorkaio/gboy/pkg/cpu/opcodes.go:761.44,763.4 1 1
github.com/gorkaio/gboy/pkg/cpu/opcodes.go:769.44,771.4 1 1
github.com/gorkaio/gboy/pkg/cpu/opcodes.go:777.44,779.4 1 1
github.com/gorkaio/gboy/pkg/cpu/opcodes.go:785.44,787.4 1 1
github.com/gorkaio/gboy/pkg/cpu/opcodes.go:793.44,795.4 1 1
github.com/gorkaio/gboy/pkg/cpu/opcodes.go:801.44,803.4 1 1
github.com/gorkaio/gboy/pkg/cpu/opcodes.go:809.44,811.4 1 1
github.com/gorkaio/gboy/pkg/cpu/opcodes.go:817.44,819.4 1 1
github.com/gorkaio/gboy/pkg/cpu/opcodes.go:825.44,827.4 1 1
github.com/gorkaio/gboy/pkg/cpu/opcodes.go:833.44,835.4 1 1
github.com/gorkaio/gboy/pkg/cpu/opcodes.go:841.44,843.4 1 1
github.com/gorkaio/gboy/pkg/cpu/opcodes.go:849.44,851.4 1 1
github.com/gorkaio/gboy/pkg/cpu/opcodes.go:857.44,859.4 1 1
github.com/gorkaio/gboy/pkg/cpu/opcodes.go:865.44,867.4 1 1
github.com/gorkaio/gboy/pkg/cpu/opcodes.go:873.44,875.4 1 1
github.com/gorkaio/gboy/pkg/cpu/opcodes.go:882.44,884.4 1 1
github.com/gorkaio/gboy/pkg/cpu/opcodes.go:890.44,892.4 1 1
github.com/gorkaio/gboy/pkg/cpu/opcodes.go:898.44,900.4 1 1
github.com/gorkaio/gboy/pkg/cpu/opcodes.go:906.44,908.4 1 1
github.com/gorkaio/gboy/pkg/cpu/opcodes.go:914.44,916.4 1 1
github.com/gorkaio/gboy/pkg/cpu/opcodes.go:922.44,924.4 1 1
github.com/gorkaio/gboy/pkg/cpu/opcodes.go:930.44,932.4 1 1
github.com/gorkaio/gboy/pkg/cpu/opcodes.go:938.44,940.4 1 1
github.com/gorkaio/gboy/pkg/cpu/opcodes.go:946.44,948.4 1 1
github.com/gorkaio/gboy/pkg/cpu/opcodes.go:954.44,956.4 1 0
github.com/gorkaio/gboy/pkg/cpu/opcodes.go:962.44,964.4 1 0
github.com/gorkaio/gboy/pkg/cpu/opcodes.go:970.44,972.4 1 0
github.com/gorkaio/gboy/pkg/cpu/opcodes.go:978.44,980.4 1 0
github.com/gorkaio/gboy/pkg/cpu/opcodes.go:986.44,988.4 1 0
github.com/gorkaio/gboy/pkg/cpu/opcodes.go:994.44,996.4 1 0
github.com/gorkaio/gboy/pkg/cpu/opcodes.go:1002.44,1004.4 1 0
github.com/gorkaio/gboy/pkg/cpu/opcodes.go:1010.44,1012.4 1 0
github.com/gorkaio/gboy/pkg/cpu/opcodes.go:1026.44,1028.4 1 0
github.com/gorkaio/gboy/pkg/cpu/opcodes.go:1034.44,1036.4 1 0
github.com/gorkaio/gboy/pkg/cpu/opcodes.go:1042.44,1044.4 1 0
github.com/gorkaio/gboy/pkg/cpu/opcodes.go:1050.44,1052.4 1 0
github.com/gorkaio/gboy/pkg/cpu/opcodes.go:1058.44,1060.4 1 0
github.com/gorkaio/gboy/pkg/cpu/opcodes.go:1066.44,1068.4 1 0
github.com/gorkaio/gboy/pkg/cpu/opcodes.go:1074.44,1076.4 1 0
github.com/gorkaio/gboy/pkg/cpu/opcodes.go:1082.44,1084.4 1 0
github.com/gorkaio/gboy/pkg/cpu/opcodes.go:1113.44,1118.4 4 0
github.com/gorkaio/gboy/pkg/cpu/opcodes.go:1141.44,1143.4 1 0
github.com/gorkaio/gboy/pkg/cpu/opcodes.go:1150.44,1153.4 2 0
github.com/gorkaio/gboy/pkg/cpu/opcodes.go:1160.44,1162.4 1 0
github.com/gorkaio/gboy/pkg/cpu/opcodes.go:1175.44,1181.4 5 0
github.com/gorkaio/gboy/pkg/cpu/opcodes.go:1187.44,1189.4 1 0
github.com/gorkaio/gboy/pkg/cpu/opcodes.go:1197.44,1199.4 1 0
github.com/gorkaio/gboy/pkg/cpu/opcodes.go:1208.44,1210.4 1 0
github.com/gorkaio/gboy/pkg/cpu/opcodes.go:1216.44,1218.4 1 0
github.com/gorkaio/gboy/pkg/cpu/opcodes.go:1233.44,1235.4 1 0
github.com/gorkaio/gboy/pkg/cpu/opcodes.go:1241.44,1243.4 1 0
github.com/gorkaio/gboy/pkg/cpu/opcodes.go:1249.44,1251.4 1 1
github.com/gorkaio/gboy/pkg/cpu/opcodes.go:1259.44,1261.4 1 0
github.com/gorkaio/gboy/pkg/cpu/opcodes.go:1271.44,1273.4 1 0
github.com/gorkaio/gboy/pkg/cpu/opcodes.go:1284.44,1286.4 1 0
github.com/gorkaio/gboy/pkg/cpu/opcodes.go:1292.44,1294.4 1 0
github.com/gorkaio/gboy/pkg/cpu/opcodes.go:1300.44,1302.4 1 1
github.com/gorkaio/gboy/pkg/cpu/opcodes.go:1308.44,1311.4 2 0
github.com/gorkaio/gboy/pkg/cpu/opcodes.go:1318.44,1320.4 1 0
github.com/gorkaio/gboy/pkg/cpu/opcodes.go:1328.44,1330.4 1 0
github.com/gorkaio/gboy/pkg/cpu/opcodes.go:1336.44,1338.4 1 0
github.com/gorkaio/gboy/pkg/cpu/opcodes.go:1344.44,1346.4 1 0
github.com/gorkaio/gboy/pkg/cpu/opcodes.go:1352.44,1355.4 2 0
github.com/gorkaio/gboy/pkg/cpu/opcodes.go:1363.44,1369.4 5 0
github.com/gorkaio/gboy/pkg/cpu/opcodes.go:1374.42,1377.15 3 1
github.com/gorkaio/gboy/pkg/cpu/opcodes.go:1381.2,1383.44 3 1
github.com/gorkaio/gboy/pkg/cpu/opcodes.go:1398.2,1404.16 2 1
github.com/gorkaio/gboy/pkg/cpu/opcodes.go:1377.15,1379.3 1 1
github.com/gorkaio/gboy/pkg/cpu/opcodes.go:1383.44,1384.12 1 1
github.com/gorkaio/gboy/pkg/cpu/opcodes.go:1385.14,1388.20 3 1
github.com/gorkaio/gboy/pkg/cpu/opcodes.go:1389.14,1392.21 3 1
github.com/gorkaio/gboy/pkg/cpu/opcodes.go:1393.11,1394.34 1 0
github.com/gorkaio/gboy/pkg/cpu/opcodes.go:1407.54,1410.2 2 1
github.com/gorkaio/gboy/pkg/cpu/opcodes.go:1412.27,1414.2 1 1
github.com/gorkaio/gboy/pkg/cpu/opcodes.go:1416.66,1419.2 2 1
github.com/gorkaio/gboy/pkg/cpu/opcodes.go:1421.59,1424.2 2 0
github.com/gorkaio/gboy/pkg/cpu/opcodes.go:1426.59,1429.2 2 1
github.com/gorkaio/gboy/pkg/cpu/opcodes.go:1431.66,1434.2 2 1
github.com/gorkaio/gboy/pkg/cpu/opcodes.go:1436.65,1441.2 4 1
github.com/gorkaio/gboy/pkg/cpu/opcodes.go:1443.65,1448.2 4 1
github.com/gorkaio/gboy/pkg/cpu/opcodes.go:1450.66,1453.2 2 0
github.com/gorkaio/gboy/pkg/cpu/opcodes.go:1455.46,1459.2 3 0
github.com/gorkaio/gboy/pkg/cpu/opcodes.go:1461.45,1466.2 4 0
github.com/gorkaio/gboy/pkg/cpu/opcodes.go:1468.77,1476.2 7 0
github.com/gorkaio/gboy/pkg/cpu/opcodes.go:1478.56,1483.2 4 0
github.com/gorkaio/gboy/pkg/cpu/opcodes.go:1485.55,1490.2 4 0
github.com/gorkaio/gboy/pkg/cpu/opcodes.go:1492.58,1496.2 3 0
github.com/gorkaio/gboy/pkg/cpu/opcodes.go:1498.58,1502.2 3 0
github.com/gorkaio/gboy/pkg/cpu/opcodes.go:1504.57,1507.2 2 1
github.com/gorkaio/gboy/pkg/cpu/opcodes.go:1509.67,1513.2 3 1
github.com/gorkaio/gboy/pkg/cpu/opcodes.go:1515.67,1520.2 4 1
github.com/gorkaio/gboy/pkg/cpu/opcodes.go:1522.67,1527.2 4 1
github.com/gorkaio/gboy/pkg/cpu/opcodes.go:1529.67,1533.2 3 1
github.com/gorkaio/gboy/pkg/cpu/opcodes.go:1535.54,1538.2 2 1
github.com/gorkaio/gboy/pkg/cpu/opcodes.go:1540.64,1543.2 2 1
github.com/gorkaio/gboy/pkg/cpu/opcodes.go:1545.44,1553.2 7 0
github.com/gorkaio/gboy/pkg/cpu/opcodes.go:1555.36,1563.2 7 0
github.com/gorkaio/gboy/pkg/cpu/opcodes.go:1565.46,1573.2 7 0
github.com/gorkaio/gboy/pkg/cpu/opcodes.go:1575.65,1583.2 7 0
github.com/gorkaio/gboy/pkg/cpu/opcodes.go:1585.56,1593.2 7 0
github.com/gorkaio/gboy/pkg/cpu/opcodes.go:1595.67,1603.2 7 0
github.com/gorkaio/gboy/pkg/cpu/opcodes.go:1605.44,1612.2 6 1
github.com/gorkaio/gboy/pkg/cpu/opcodes.go:1614.45,1621.2 6 1
github.com/gorkaio/gboy/pkg/cpu/opcodes.go:1623.44,1630.2 6 1
github.com/gorkaio/gboy/pkg/cpu/opcodes.go:1632.45,1639.2 6 1
